HOST_OS=Linux
checking pkg-config libraries:   cairo zlib gstreamer-app-1.0 gstreamer-1.0 gstreamer-video-1.0 gstreamer-base-1.0 libudev freetype2 fontconfig sndfile openal openssl gl glu glew gtk+-3.0 libmpg123 
Compiling OF library for Release
make[1]: Entering directory '/img/of/libs/openFrameworksCompiled/project'
HOST_OS=Linux
checking pkg-config libraries:   cairo zlib gstreamer-app-1.0 gstreamer-1.0 gstreamer-video-1.0 gstreamer-base-1.0 libudev freetype2 fontconfig sndfile openal openssl gl glu glew gtk+-3.0 libmpg123 
HOST_OS=Linux
checking pkg-config libraries:   cairo zlib gstreamer-app-1.0 gstreamer-1.0 gstreamer-video-1.0 gstreamer-base-1.0 libudev freetype2 fontconfig sndfile openal openssl gl glu glew gtk+-3.0 libmpg123 
HOST_OS=Linux
checking pkg-config libraries:   cairo zlib gstreamer-app-1.0 gstreamer-1.0 gstreamer-video-1.0 gstreamer-base-1.0 libudev freetype2 fontconfig sndfile openal openssl gl glu glew gtk+-3.0 libmpg123 
Done!
make[1]: Leaving directory '/img/of/libs/openFrameworksCompiled/project'


Compiling no-key-board for Release
make[1]: Entering directory '/img/of/apps/myApps/no-key-board'
HOST_OS=Linux
checking pkg-config libraries:   cairo zlib gstreamer-app-1.0 gstreamer-1.0 gstreamer-video-1.0 gstreamer-base-1.0 libudev freetype2 fontconfig sndfile openal openssl gl glu glew gtk+-3.0 libmpg123 
Compiling ../../../addons/ofxCv/libs/ofxCv/src/Flow.cpp
g++ -c -O3 -DNDEBUG -march=native -mtune=native -Wall -std=c++14 -DGCC_HAS_REGEX -DOF_USING_GTK -DOF_USING_GTK -DOF_USING_MPG123  -pthread -I/usr/include/gstreamer-1.0 -I/usr/lib/x86_64-linux-gnu/gstreamer-1.0/include -I/usr/include/AL -I/usr/include/libdrm -I/usr/include/gtk-3.0 -I/usr/include/at-spi2-atk/2.0 -I/usr/include/at-spi-2.0 -I/usr/include/dbus-1.0 -I/usr/lib/x86_64-linux-gnu/dbus-1.0/include -I/usr/include/gtk-3.0 -I/usr/include/gio-unix-2.0/ -I/usr/include/mirclient -I/usr/include/mircore -I/usr/include/mircookie -I/usr/include/cairo -I/usr/include/pango-1.0 -I/usr/include/harfbuzz -I/usr/include/pango-1.0 -I/usr/include/atk-1.0 -I/usr/include/cairo -I/usr/include/pixman-1 -I/usr/include/freetype2 -I/usr/include/libpng12 -I/usr/include/gdk-pixbuf-2.0 -I/usr/include/libpng12 -I/usr/include/glib-2.0 -I/usr/lib/x86_64-linux-gnu/glib-2.0/include -I/usr/include/opencv -I/usr/include/alsa -I../../../libs/fmodex/include -I../../../libs/glfw/include -I../../../libs/glfw/include/GLFW -I../../../libs/kiss/include -I../../../libs/poco/include -I../../../libs/tess2/include -I../../../libs/utf8cpp/include -I../../../libs/utf8cpp/include/utf8 -I../../../libs/openFrameworks -I../../../libs/openFrameworks/communication -I../../../libs/openFrameworks/gl -I../../../libs/openFrameworks/app -I../../../libs/openFrameworks/graphics -I../../../libs/openFrameworks/sound -I../../../libs/openFrameworks/types -I../../../libs/openFrameworks/utils -I../../../libs/openFrameworks/video -I../../../libs/openFrameworks/events -I../../../libs/openFrameworks/math -I../../../libs/openFrameworks/3d -pthread -I/usr/include/gstreamer-1.0 -I/usr/lib/x86_64-linux-gnu/gstreamer-1.0/include -I/usr/include/AL -I/usr/include/libdrm -I/usr/include/gtk-3.0 -I/usr/include/at-spi2-atk/2.0 -I/usr/include/at-spi-2.0 -I/usr/include/dbus-1.0 -I/usr/lib/x86_64-linux-gnu/dbus-1.0/include -I/usr/include/gtk-3.0 -I/usr/include/gio-unix-2.0/ -I/usr/include/mirclient -I/usr/include/mircore -I/usr/include/mircookie -I/usr/include/cairo -I/usr/include/pango-1.0 -I/usr/include/harfbuzz -I/usr/include/pango-1.0 -I/usr/include/atk-1.0 -I/usr/include/cairo -I/usr/include/pixman-1 -I/usr/include/freetype2 -I/usr/include/libpng12 -I/usr/include/gdk-pixbuf-2.0 -I/usr/include/libpng12 -I/usr/include/glib-2.0 -I/usr/lib/x86_64-linux-gnu/glib-2.0/include -I/usr/include/opencv -I/usr/include/alsa -I/img/of/addons/ofxCv/libs/ofxCv/include -I/img/of/addons/ofxCv/libs/CLD/include/CLD -I/img/of/addons/ofxCv/src -Isrc -I/img/of/addons/ofxOpenCv/src -I/img/of/addons/ofxOpenCv/libs -I/img/of/addons/ofxMidi/src -I/img/of/addons/ofxMidi/src/desktop -I/img/of/addons/ofxMidi/src/ios -I/img/of/addons/ofxMidi/libs -I/img/of/addons/ofxMidi/libs/rtmidi -I/img/of/addons/ofxMidi/libs/pgmidi -I/img/of/addons/ofxOsc/src -I/img/of/addons/ofxOsc/libs -I/img/of/addons/ofxOsc/libs/oscpack -I/img/of/addons/ofxOsc/libs/oscpack/src -I/img/of/addons/ofxOsc/libs/oscpack/src/ip -I/img/of/addons/ofxOsc/libs/oscpack/src/ip/posix -I/img/of/addons/ofxOsc/libs/oscpack/src/ip/win32 -I/img/of/addons/ofxOsc/libs/oscpack/src/osc -MMD -MP -MF ../../../addons/obj/linux64/Release/ofxCv/libs/ofxCv/src/Flow.d -MT ../../../addons/obj/linux64/Release/ofxCv/libs/ofxCv/src/Flow.o -o ../../../addons/obj/linux64/Release/ofxCv/libs/ofxCv/src/Flow.o -c ../../../addons/ofxCv/libs/ofxCv/src/Flow.cpp
../../../libs/openFrameworksCompiled/project/makefileCommon/compile.project.mk:336: recipe for target '../../../addons/obj/linux64/Release/ofxCv/libs/ofxCv/src/Flow.o' failed
make[1]: Leaving directory '/img/of/apps/myApps/no-key-board'
../../../libs/openFrameworksCompiled/project/makefileCommon/compile.project.mk:125: recipe for target 'Release' failed
